0 info it worked if it ends with ok
1 verbose cli [ 'C:\\Program Files\\nodejs\\node.exe',
1 verbose cli   'C:\\Program Files\\nodejs\\node_modules\\npm\\bin\\npm-cli.js',
1 verbose cli   'run-script',
1 verbose cli   'start' ]
2 info using npm@3.6.0
3 info using node@v5.6.0
4 verbose run-script [ 'prestart', 'start', 'poststart' ]
5 info lifecycle startapp@0.0.1~prestart: startapp@0.0.1
6 silly lifecycle startapp@0.0.1~prestart: no script for prestart, continuing
7 info lifecycle startapp@0.0.1~start: startapp@0.0.1
8 verbose lifecycle startapp@0.0.1~start: unsafe-perm in lifecycle true
9 verbose lifecycle startapp@0.0.1~start: PATH: C:\Program Files\nodejs\node_modules\npm\bin\node-gyp-bin;D:\SourceCode\BootStrap\模板\Angular_Seed_Project_MEANJS\node_modules\.bin;D:\MyProgram\Python2.7\;D:\MyProgram\Python2.7\Scripts;C:\Ruby22\bin;D:\MyProgram\Ruby22-x64\bin;c:\MongoDB\bin\;C:\Python27\;C:\ProgramData\Oracle\Java\javapath;D:\Java\jdk1.8.0_60\bin;C:\Program Files (x86)\Intel\iCLS Client\;C:\Program Files\Intel\iCLS Client\;C:\Program Files (x86)\NVIDIA Corporation\PhysX\Common;C:\WINDOWS\system32;C:\WINDOWS;C:\WINDOWS\System32\Wbem;C:\WINDOWS\System32\WindowsPowerShell\v1.0\;C:\Program Files (x86)\Intel\OpenCL SDK\3.0\bin\x86;C:\Program Files (x86)\Intel\OpenCL SDK\3.0\bin\x64;C:\Program Files\Intel\Intel(R) Management Engine Components\DAL;C:\Program Files\Intel\Intel(R) Management Engine Components\IPT;C:\Program Files (x86)\Intel\Intel(R) Management Engine Components\DAL;C:\Program Files (x86)\Intel\Intel(R) Management Engine Components\IPT;C:\SoftWaresInstall\TortoiseGit\bin;c:\SoftWaresInstall\Git\bin\;d:\SoftWare\apache-maven-3.3.3\bin\;d:\Totalcmdx86\Tools\winSCP\;C:\Program Files (x86)\Bitvise SSH Client;C:\Program Files\TortoiseSVN\bin;C:\Program Files\nodejs\;C:\Program Files\Git\cmd;d:\MyProgram\Python3.5\;D:\mysql-5.6.25-winx64\bin;C:\Program Files\Microsoft SQL Server\110\Tools\Binn\;C:\Program Files (x86)\Windows Kits\8.0\Windows Performance Toolkit\;D:\Totalcmdx86\Tools\cygwin\bin;d:\MyProgram\Vim\vim74\;D:\MyProgram\Python3.5\;D:\MyProgram\Python3.5\Scripts\;C:\Users\TRwin7SP1\AppData\Local\atom\bin;C:\Users\TRwin7SP1\AppData\Roaming\npm;C:\Program Files (x86)\JetBrains\WebStorm 11.0.3\bin;c:\MongoDB\bin\
10 verbose lifecycle startapp@0.0.1~start: CWD: D:\SourceCode\BootStrap\模板\Angular_Seed_Project_MEANJS
11 silly lifecycle startapp@0.0.1~start: Args: [ '/d /s /c', 'grunt' ]
12 silly lifecycle startapp@0.0.1~start: Returned: code: 99  signal: null
13 info lifecycle startapp@0.0.1~start: Failed to exec start script
14 verbose stack Error: startapp@0.0.1 start: `grunt`
14 verbose stack Exit status 99
14 verbose stack     at EventEmitter.<anonymous> (C:\Program Files\nodejs\node_modules\npm\lib\utils\lifecycle.js:232:16)
14 verbose stack     at emitTwo (events.js:100:13)
14 verbose stack     at EventEmitter.emit (events.js:185:7)
14 verbose stack     at ChildProcess.<anonymous> (C:\Program Files\nodejs\node_modules\npm\lib\utils\spawn.js:24:14)
14 verbose stack     at emitTwo (events.js:100:13)
14 verbose stack     at ChildProcess.emit (events.js:185:7)
14 verbose stack     at maybeClose (internal/child_process.js:827:16)
14 verbose stack     at Process.ChildProcess._handle.onexit (internal/child_process.js:211:5)
15 verbose pkgid startapp@0.0.1
16 verbose cwd D:\SourceCode\BootStrap\模板\Angular_Seed_Project_MEANJS
17 error Windows_NT 10.0.10586
18 error argv "C:\\Program Files\\nodejs\\node.exe" "C:\\Program Files\\nodejs\\node_modules\\npm\\bin\\npm-cli.js" "run-script" "start"
19 error node v5.6.0
20 error npm  v3.6.0
21 error code ELIFECYCLE
22 error startapp@0.0.1 start: `grunt`
22 error Exit status 99
23 error Failed at the startapp@0.0.1 start script 'grunt'.
23 error Make sure you have the latest version of node.js and npm installed.
23 error If you do, this is most likely a problem with the startapp package,
23 error not with npm itself.
23 error Tell the author that this fails on your system:
23 error     grunt
23 error You can get information on how to open an issue for this project with:
23 error     npm bugs startapp
23 error Or if that isn't available, you can get their info via:
23 error     npm owner ls startapp
23 error There is likely additional logging output above.
24 verbose exit [ 1, true ]
